{"level":"warn","message":"Invalid role provided","role":"invalid-role","service":"rbac","timestamp":"2025-05-28T21:16:29.145Z"}
{"level":"warn","message":"Invalid role provided","role":"ADMIN","service":"rbac","timestamp":"2025-05-28T21:16:29.146Z"}
{"level":"warn","message":"Invalid role provided","role":"invalid-role","service":"rbac","timestamp":"2025-05-28T21:16:29.147Z"}
{"level":"warn","message":"User lacks required permission","path":"/test","permission":"user:delete","role":"designer","service":"rbac","timestamp":"2025-05-28T21:16:29.148Z","userId":"user123"}
{"level":"warn","message":"No user found in request for permission check","permission":"user:read","service":"rbac","timestamp":"2025-05-28T21:16:29.148Z"}
{"level":"warn","message":"User lacks required role","path":"/test","requiredRole":"admin","service":"rbac","timestamp":"2025-05-28T21:16:29.150Z","userId":"user123","userRole":"designer"}
{"level":"warn","message":"No user found in request for role check","role":"admin","service":"rbac","timestamp":"2025-05-28T21:16:29.150Z"}
{"level":"warn","message":"User lacks any of the required permissions","path":"/test","permissions":["user:delete","billing:update"],"role":"designer","service":"rbac","timestamp":"2025-05-28T21:16:29.151Z","userId":"user123"}
{"level":"warn","message":"No user found in request for permission check","permissions":["user:read"],"service":"rbac","timestamp":"2025-05-28T21:16:29.151Z"}
{"level":"warn","message":"No authorization header provided","path":"/test","service":"auth-middleware","timestamp":"2025-05-28T21:16:29.148Z"}
{"level":"warn","message":"Empty authorization header provided","path":"/test","service":"auth-middleware","timestamp":"2025-05-28T21:16:29.149Z"}
{"error":"invalid signature","level":"warn","message":"Invalid JWT token","path":"/test","service":"auth-middleware","timestamp":"2025-05-28T21:16:29.151Z"}
{"level":"warn","message":"JWT token expired","path":"/test","service":"auth-middleware","timestamp":"2025-05-28T21:16:29.152Z"}
{"error":"invalid token","level":"warn","message":"Invalid JWT token","path":"/test","service":"auth-middleware","timestamp":"2025-05-28T21:16:29.153Z"}
{"error":"Cannot read properties of null (reading 'exp')","level":"error","message":"Failed to refresh token","service":"auth-middleware","timestamp":"2025-05-28T21:16:29.155Z"}
{"error":"jwt malformed","level":"warn","message":"Invalid service token","service":"service-auth","timestamp":"2025-05-28T21:16:29.170Z"}
{"error":"invalid signature","level":"warn","message":"Invalid service token","service":"service-auth","timestamp":"2025-05-28T21:16:29.172Z"}
{"error":"jwt expired","level":"warn","message":"Invalid service token","service":"service-auth","timestamp":"2025-05-28T21:16:29.173Z"}
{"level":"warn","message":"No service auth header provided","path":"/test","service":"service-auth","timestamp":"2025-05-28T21:16:29.175Z"}
{"level":"warn","message":"No service auth header provided","path":"/test","service":"service-auth","timestamp":"2025-05-28T21:16:29.176Z"}
{"error":"jwt malformed","level":"warn","message":"Invalid service token","service":"service-auth","timestamp":"2025-05-28T21:16:29.176Z"}
{"level":"warn","message":"Service lacks required scope","path":"/test","requiredScope":"billing:read","service":"service-auth","serviceName":"users","serviceScope":["user:read","user:write","analytics:write"],"timestamp":"2025-05-28T21:16:29.176Z"}
{"level":"warn","message":"No service found in request for scope check","requiredScope":"user:read","service":"service-auth","timestamp":"2025-05-28T21:16:29.176Z"}
{"level":"warn","message":"Service lacks any of the required scopes","path":"/test","requiredScopes":["billing:read","integration:webhook"],"service":"service-auth","serviceName":"notifications","serviceScope":["notification:read","user:read","stream:publish"],"timestamp":"2025-05-28T21:16:29.177Z"}
{"level":"warn","message":"No service found in request for scope check","requiredScopes":["user:read"],"service":"service-auth","timestamp":"2025-05-28T21:16:29.177Z"}
{"level":"warn","message":"Invalid role provided","role":"invalid-role","service":"rbac","timestamp":"2025-05-28T21:19:12.443Z"}
{"level":"warn","message":"Invalid role provided","role":"ADMIN","service":"rbac","timestamp":"2025-05-28T21:19:12.444Z"}
{"level":"warn","message":"Invalid role provided","role":"invalid-role","service":"rbac","timestamp":"2025-05-28T21:19:12.445Z"}
{"level":"warn","message":"User lacks required permission","path":"/test","permission":"user:delete","role":"designer","service":"rbac","timestamp":"2025-05-28T21:19:12.448Z","userId":"user123"}
{"level":"warn","message":"No user found in request for permission check","permission":"user:read","service":"rbac","timestamp":"2025-05-28T21:19:12.449Z"}
{"level":"warn","message":"User lacks required role","path":"/test","requiredRole":"admin","service":"rbac","timestamp":"2025-05-28T21:19:12.449Z","userId":"user123","userRole":"designer"}
{"level":"warn","message":"No user found in request for role check","role":"admin","service":"rbac","timestamp":"2025-05-28T21:19:12.449Z"}
{"level":"warn","message":"User lacks any of the required permissions","path":"/test","permissions":["user:delete","billing:update"],"role":"designer","service":"rbac","timestamp":"2025-05-28T21:19:12.450Z","userId":"user123"}
{"level":"warn","message":"No user found in request for permission check","permissions":["user:read"],"service":"rbac","timestamp":"2025-05-28T21:19:12.450Z"}
{"level":"warn","message":"No authorization header provided","path":"/test","service":"auth-middleware","timestamp":"2025-05-28T21:19:12.461Z"}
{"level":"warn","message":"Empty authorization header provided","path":"/test","service":"auth-middleware","timestamp":"2025-05-28T21:19:12.462Z"}
{"error":"invalid signature","level":"warn","message":"Invalid JWT token","path":"/test","service":"auth-middleware","timestamp":"2025-05-28T21:19:12.464Z"}
{"level":"warn","message":"JWT token expired","path":"/test","service":"auth-middleware","timestamp":"2025-05-28T21:19:12.465Z"}
{"error":"invalid token","level":"warn","message":"Invalid JWT token","path":"/test","service":"auth-middleware","timestamp":"2025-05-28T21:19:12.466Z"}
{"error":"Cannot read properties of null (reading 'exp')","level":"error","message":"Failed to refresh token","service":"auth-middleware","timestamp":"2025-05-28T21:19:12.468Z"}
{"error":"jwt malformed","level":"warn","message":"Invalid service token","service":"service-auth","timestamp":"2025-05-28T21:19:12.453Z"}
{"error":"invalid signature","level":"warn","message":"Invalid service token","service":"service-auth","timestamp":"2025-05-28T21:19:12.456Z"}
{"error":"jwt expired","level":"warn","message":"Invalid service token","service":"service-auth","timestamp":"2025-05-28T21:19:12.457Z"}
{"level":"warn","message":"No service auth header provided","path":"/test","service":"service-auth","timestamp":"2025-05-28T21:19:12.462Z"}
{"level":"warn","message":"No service auth header provided","path":"/test","service":"service-auth","timestamp":"2025-05-28T21:19:12.462Z"}
{"error":"jwt malformed","level":"warn","message":"Invalid service token","service":"service-auth","timestamp":"2025-05-28T21:19:12.462Z"}
{"level":"warn","message":"Service lacks required scope","path":"/test","requiredScope":"billing:read","service":"service-auth","serviceName":"users","serviceScope":["user:read","user:write","analytics:write"],"timestamp":"2025-05-28T21:19:12.463Z"}
{"level":"warn","message":"No service found in request for scope check","requiredScope":"user:read","service":"service-auth","timestamp":"2025-05-28T21:19:12.463Z"}
{"level":"warn","message":"Service lacks any of the required scopes","path":"/test","requiredScopes":["billing:read","integration:webhook"],"service":"service-auth","serviceName":"notifications","serviceScope":["notification:read","user:read","stream:publish"],"timestamp":"2025-05-28T21:19:12.463Z"}
{"level":"warn","message":"No service found in request for scope check","requiredScopes":["user:read"],"service":"service-auth","timestamp":"2025-05-28T21:19:12.464Z"}
{"level":"warn","message":"Invalid role provided","role":"invalid-role","service":"rbac","timestamp":"2025-05-28T21:21:47.385Z"}
{"level":"warn","message":"Invalid role provided","role":"ADMIN","service":"rbac","timestamp":"2025-05-28T21:21:47.389Z"}
{"level":"warn","message":"Invalid role provided","role":"invalid-role","service":"rbac","timestamp":"2025-05-28T21:21:47.391Z"}
{"level":"warn","message":"User lacks required permission","path":"/test","permission":"user:delete","role":"designer","service":"rbac","timestamp":"2025-05-28T21:21:47.393Z","userId":"user123"}
{"level":"warn","message":"No user found in request for permission check","permission":"user:read","service":"rbac","timestamp":"2025-05-28T21:21:47.393Z"}
{"level":"warn","message":"User lacks required role","path":"/test","requiredRole":"admin","service":"rbac","timestamp":"2025-05-28T21:21:47.394Z","userId":"user123","userRole":"designer"}
{"level":"warn","message":"No user found in request for role check","role":"admin","service":"rbac","timestamp":"2025-05-28T21:21:47.395Z"}
{"level":"warn","message":"User lacks any of the required permissions","path":"/test","permissions":["user:delete","billing:update"],"role":"designer","service":"rbac","timestamp":"2025-05-28T21:21:47.395Z","userId":"user123"}
{"level":"warn","message":"No user found in request for permission check","permissions":["user:read"],"service":"rbac","timestamp":"2025-05-28T21:21:47.395Z"}
{"level":"warn","message":"No authorization header provided","path":"/test","service":"auth-middleware","timestamp":"2025-05-28T21:21:47.388Z"}
{"level":"warn","message":"Empty authorization header provided","path":"/test","service":"auth-middleware","timestamp":"2025-05-28T21:21:47.389Z"}
{"error":"invalid signature","level":"warn","message":"Invalid JWT token","path":"/test","service":"auth-middleware","timestamp":"2025-05-28T21:21:47.394Z"}
{"level":"warn","message":"JWT token expired","path":"/test","service":"auth-middleware","timestamp":"2025-05-28T21:21:47.395Z"}
{"error":"invalid token","level":"warn","message":"Invalid JWT token","path":"/test","service":"auth-middleware","timestamp":"2025-05-28T21:21:47.396Z"}
{"error":"Cannot read properties of null (reading 'exp')","level":"error","message":"Failed to refresh token","service":"auth-middleware","timestamp":"2025-05-28T21:21:47.398Z"}
{"error":"jwt malformed","level":"warn","message":"Invalid service token","service":"service-auth","timestamp":"2025-05-28T21:21:47.408Z"}
{"error":"invalid signature","level":"warn","message":"Invalid service token","service":"service-auth","timestamp":"2025-05-28T21:21:47.411Z"}
{"error":"jwt expired","level":"warn","message":"Invalid service token","service":"service-auth","timestamp":"2025-05-28T21:21:47.412Z"}
{"level":"warn","message":"No service auth header provided","path":"/test","service":"service-auth","timestamp":"2025-05-28T21:21:47.416Z"}
{"level":"warn","message":"No service auth header provided","path":"/test","service":"service-auth","timestamp":"2025-05-28T21:21:47.416Z"}
{"error":"jwt malformed","level":"warn","message":"Invalid service token","service":"service-auth","timestamp":"2025-05-28T21:21:47.417Z"}
{"level":"warn","message":"Service lacks required scope","path":"/test","requiredScope":"billing:read","service":"service-auth","serviceName":"users","serviceScope":["user:read","user:write","analytics:write"],"timestamp":"2025-05-28T21:21:47.417Z"}
{"level":"warn","message":"No service found in request for scope check","requiredScope":"user:read","service":"service-auth","timestamp":"2025-05-28T21:21:47.417Z"}
{"level":"warn","message":"Service lacks any of the required scopes","path":"/test","requiredScopes":["billing:read","integration:webhook"],"service":"service-auth","serviceName":"notifications","serviceScope":["notification:read","user:read","stream:publish"],"timestamp":"2025-05-28T21:21:47.418Z"}
{"level":"warn","message":"No service found in request for scope check","requiredScopes":["user:read"],"service":"service-auth","timestamp":"2025-05-28T21:21:47.418Z"}
{"level":"warn","message":"Invalid role provided","role":"invalid-role","service":"rbac","timestamp":"2025-05-28T21:40:43.999Z"}
{"level":"warn","message":"Invalid role provided","role":"ADMIN","service":"rbac","timestamp":"2025-05-28T21:40:44.001Z"}
{"level":"warn","message":"Invalid role provided","role":"invalid-role","service":"rbac","timestamp":"2025-05-28T21:40:44.002Z"}
{"level":"warn","message":"User lacks required permission","path":"/test","permission":"user:delete","role":"designer","service":"rbac","timestamp":"2025-05-28T21:40:44.004Z","userId":"user123"}
{"level":"warn","message":"No user found in request for permission check","permission":"user:read","service":"rbac","timestamp":"2025-05-28T21:40:44.005Z"}
{"level":"warn","message":"User lacks required role","path":"/test","requiredRole":"admin","service":"rbac","timestamp":"2025-05-28T21:40:44.006Z","userId":"user123","userRole":"designer"}
{"level":"warn","message":"No user found in request for role check","role":"admin","service":"rbac","timestamp":"2025-05-28T21:40:44.006Z"}
{"level":"warn","message":"User lacks any of the required permissions","path":"/test","permissions":["user:delete","billing:update"],"role":"designer","service":"rbac","timestamp":"2025-05-28T21:40:44.006Z","userId":"user123"}
{"level":"warn","message":"No user found in request for permission check","permissions":["user:read"],"service":"rbac","timestamp":"2025-05-28T21:40:44.006Z"}
{"level":"warn","message":"No authorization header provided","path":"/test","service":"auth-middleware","timestamp":"2025-05-28T21:40:44.002Z"}
{"level":"warn","message":"Empty authorization header provided","path":"/test","service":"auth-middleware","timestamp":"2025-05-28T21:40:44.003Z"}
{"error":"invalid signature","level":"warn","message":"Invalid JWT token","path":"/test","service":"auth-middleware","timestamp":"2025-05-28T21:40:44.005Z"}
{"level":"warn","message":"JWT token expired","path":"/test","service":"auth-middleware","timestamp":"2025-05-28T21:40:44.006Z"}
{"error":"invalid token","level":"warn","message":"Invalid JWT token","path":"/test","service":"auth-middleware","timestamp":"2025-05-28T21:40:44.007Z"}
{"error":"Cannot read properties of null (reading 'exp')","level":"error","message":"Failed to refresh token","service":"auth-middleware","timestamp":"2025-05-28T21:40:44.011Z"}
{"error":"jwt malformed","level":"warn","message":"Invalid service token","service":"service-auth","timestamp":"2025-05-28T21:40:44.004Z"}
{"error":"invalid signature","level":"warn","message":"Invalid service token","service":"service-auth","timestamp":"2025-05-28T21:40:44.006Z"}
{"error":"jwt expired","level":"warn","message":"Invalid service token","service":"service-auth","timestamp":"2025-05-28T21:40:44.007Z"}
{"level":"warn","message":"No service auth header provided","path":"/test","service":"service-auth","timestamp":"2025-05-28T21:40:44.010Z"}
{"level":"warn","message":"No service auth header provided","path":"/test","service":"service-auth","timestamp":"2025-05-28T21:40:44.010Z"}
{"error":"jwt malformed","level":"warn","message":"Invalid service token","service":"service-auth","timestamp":"2025-05-28T21:40:44.010Z"}
{"level":"warn","message":"Service lacks required scope","path":"/test","requiredScope":"billing:read","service":"service-auth","serviceName":"users","serviceScope":["user:read","user:write","analytics:write"],"timestamp":"2025-05-28T21:40:44.011Z"}
{"level":"warn","message":"No service found in request for scope check","requiredScope":"user:read","service":"service-auth","timestamp":"2025-05-28T21:40:44.011Z"}
{"level":"warn","message":"Service lacks any of the required scopes","path":"/test","requiredScopes":["billing:read","integration:webhook"],"service":"service-auth","serviceName":"notifications","serviceScope":["notification:read","user:read","stream:publish"],"timestamp":"2025-05-28T21:40:44.011Z"}
{"level":"warn","message":"No service found in request for scope check","requiredScopes":["user:read"],"service":"service-auth","timestamp":"2025-05-28T21:40:44.012Z"}
{"level":"warn","message":"Invalid role provided","role":"invalid-role","service":"rbac","timestamp":"2025-05-28T21:44:50.875Z"}
{"level":"warn","message":"Invalid role provided","role":"ADMIN","service":"rbac","timestamp":"2025-05-28T21:44:50.877Z"}
{"level":"warn","message":"Invalid role provided","role":"invalid-role","service":"rbac","timestamp":"2025-05-28T21:44:50.877Z"}
{"level":"warn","message":"User lacks required permission","path":"/test","permission":"user:delete","role":"designer","service":"rbac","timestamp":"2025-05-28T21:44:50.879Z","userId":"user123"}
{"level":"warn","message":"No user found in request for permission check","permission":"user:read","service":"rbac","timestamp":"2025-05-28T21:44:50.881Z"}
{"level":"warn","message":"User lacks required role","path":"/test","requiredRole":"admin","service":"rbac","timestamp":"2025-05-28T21:44:50.882Z","userId":"user123","userRole":"designer"}
{"level":"warn","message":"No user found in request for role check","role":"admin","service":"rbac","timestamp":"2025-05-28T21:44:50.882Z"}
{"level":"warn","message":"User lacks any of the required permissions","path":"/test","permissions":["user:delete","billing:update"],"role":"designer","service":"rbac","timestamp":"2025-05-28T21:44:50.882Z","userId":"user123"}
{"level":"warn","message":"No user found in request for permission check","permissions":["user:read"],"service":"rbac","timestamp":"2025-05-28T21:44:50.882Z"}
{"error":"jwt malformed","level":"warn","message":"Invalid service token","service":"service-auth","timestamp":"2025-05-28T21:44:50.886Z"}
{"error":"invalid signature","level":"warn","message":"Invalid service token","service":"service-auth","timestamp":"2025-05-28T21:44:50.888Z"}
{"error":"jwt expired","level":"warn","message":"Invalid service token","service":"service-auth","timestamp":"2025-05-28T21:44:50.889Z"}
{"level":"warn","message":"No service auth header provided","path":"/test","service":"service-auth","timestamp":"2025-05-28T21:44:50.891Z"}
{"level":"warn","message":"No service auth header provided","path":"/test","service":"service-auth","timestamp":"2025-05-28T21:44:50.891Z"}
{"error":"jwt malformed","level":"warn","message":"Invalid service token","service":"service-auth","timestamp":"2025-05-28T21:44:50.892Z"}
{"level":"warn","message":"Service lacks required scope","path":"/test","requiredScope":"billing:read","service":"service-auth","serviceName":"users","serviceScope":["user:read","user:write","analytics:write"],"timestamp":"2025-05-28T21:44:50.893Z"}
{"level":"warn","message":"No service found in request for scope check","requiredScope":"user:read","service":"service-auth","timestamp":"2025-05-28T21:44:50.894Z"}
{"level":"warn","message":"Service lacks any of the required scopes","path":"/test","requiredScopes":["billing:read","integration:webhook"],"service":"service-auth","serviceName":"notifications","serviceScope":["notification:read","user:read","stream:publish"],"timestamp":"2025-05-28T21:44:50.894Z"}
{"level":"warn","message":"No service found in request for scope check","requiredScopes":["user:read"],"service":"service-auth","timestamp":"2025-05-28T21:44:50.895Z"}
{"level":"warn","message":"No authorization header provided","path":"/test","service":"auth-middleware","timestamp":"2025-05-28T21:44:50.896Z"}
{"level":"warn","message":"Empty authorization header provided","path":"/test","service":"auth-middleware","timestamp":"2025-05-28T21:44:50.897Z"}
{"error":"invalid signature","level":"warn","message":"Invalid JWT token","path":"/test","service":"auth-middleware","timestamp":"2025-05-28T21:44:50.899Z"}
{"level":"warn","message":"JWT token expired","path":"/test","service":"auth-middleware","timestamp":"2025-05-28T21:44:50.900Z"}
{"error":"invalid token","level":"warn","message":"Invalid JWT token","path":"/test","service":"auth-middleware","timestamp":"2025-05-28T21:44:50.901Z"}
{"error":"Cannot read properties of null (reading 'exp')","level":"error","message":"Failed to refresh token","service":"auth-middleware","timestamp":"2025-05-28T21:44:50.903Z"}
{"level":"warn","message":"Invalid role provided","role":"invalid-role","service":"rbac","timestamp":"2025-05-28T21:52:03.211Z"}
{"level":"warn","message":"Invalid role provided","role":"ADMIN","service":"rbac","timestamp":"2025-05-28T21:52:03.213Z"}
{"level":"warn","message":"Invalid role provided","role":"invalid-role","service":"rbac","timestamp":"2025-05-28T21:52:03.213Z"}
{"level":"warn","message":"User lacks required permission","path":"/test","permission":"user:delete","role":"designer","service":"rbac","timestamp":"2025-05-28T21:52:03.215Z","userId":"user123"}
{"level":"warn","message":"No user found in request for permission check","permission":"user:read","service":"rbac","timestamp":"2025-05-28T21:52:03.216Z"}
{"level":"warn","message":"User lacks required role","path":"/test","requiredRole":"admin","service":"rbac","timestamp":"2025-05-28T21:52:03.218Z","userId":"user123","userRole":"designer"}
{"level":"warn","message":"No user found in request for role check","role":"admin","service":"rbac","timestamp":"2025-05-28T21:52:03.218Z"}
{"level":"warn","message":"User lacks any of the required permissions","path":"/test","permissions":["user:delete","billing:update"],"role":"designer","service":"rbac","timestamp":"2025-05-28T21:52:03.219Z","userId":"user123"}
{"level":"warn","message":"No user found in request for permission check","permissions":["user:read"],"service":"rbac","timestamp":"2025-05-28T21:52:03.219Z"}
{"level":"warn","message":"No authorization header provided","path":"/test","service":"auth-middleware","timestamp":"2025-05-28T21:52:03.214Z"}
{"level":"warn","message":"Empty authorization header provided","path":"/test","service":"auth-middleware","timestamp":"2025-05-28T21:52:03.215Z"}
{"error":"invalid signature","level":"warn","message":"Invalid JWT token","path":"/test","service":"auth-middleware","timestamp":"2025-05-28T21:52:03.218Z"}
{"level":"warn","message":"JWT token expired","path":"/test","service":"auth-middleware","timestamp":"2025-05-28T21:52:03.221Z"}
{"error":"invalid token","level":"warn","message":"Invalid JWT token","path":"/test","service":"auth-middleware","timestamp":"2025-05-28T21:52:03.222Z"}
{"error":"Cannot read properties of null (reading 'exp')","level":"error","message":"Failed to refresh token","service":"auth-middleware","timestamp":"2025-05-28T21:52:03.224Z"}
{"error":"jwt malformed","level":"warn","message":"Invalid service token","service":"service-auth","timestamp":"2025-05-28T21:52:03.215Z"}
{"error":"invalid signature","level":"warn","message":"Invalid service token","service":"service-auth","timestamp":"2025-05-28T21:52:03.218Z"}
{"error":"jwt expired","level":"warn","message":"Invalid service token","service":"service-auth","timestamp":"2025-05-28T21:52:03.219Z"}
{"level":"warn","message":"No service auth header provided","path":"/test","service":"service-auth","timestamp":"2025-05-28T21:52:03.221Z"}
{"level":"warn","message":"No service auth header provided","path":"/test","service":"service-auth","timestamp":"2025-05-28T21:52:03.222Z"}
{"error":"jwt malformed","level":"warn","message":"Invalid service token","service":"service-auth","timestamp":"2025-05-28T21:52:03.222Z"}
{"level":"warn","message":"Service lacks required scope","path":"/test","requiredScope":"billing:read","service":"service-auth","serviceName":"users","serviceScope":["user:read","user:write","analytics:write"],"timestamp":"2025-05-28T21:52:03.222Z"}
{"level":"warn","message":"No service found in request for scope check","requiredScope":"user:read","service":"service-auth","timestamp":"2025-05-28T21:52:03.223Z"}
{"level":"warn","message":"Service lacks any of the required scopes","path":"/test","requiredScopes":["billing:read","integration:webhook"],"service":"service-auth","serviceName":"notifications","serviceScope":["notification:read","user:read","stream:publish"],"timestamp":"2025-05-28T21:52:03.223Z"}
{"level":"warn","message":"No service found in request for scope check","requiredScopes":["user:read"],"service":"service-auth","timestamp":"2025-05-28T21:52:03.224Z"}
{"level":"warn","message":"Invalid role provided","role":"invalid-role","service":"rbac","timestamp":"2025-05-28T21:53:57.597Z"}
{"level":"warn","message":"Invalid role provided","role":"ADMIN","service":"rbac","timestamp":"2025-05-28T21:53:57.599Z"}
{"level":"warn","message":"Invalid role provided","role":"invalid-role","service":"rbac","timestamp":"2025-05-28T21:53:57.600Z"}
{"level":"warn","message":"User lacks required permission","path":"/test","permission":"user:delete","role":"designer","service":"rbac","timestamp":"2025-05-28T21:53:57.601Z","userId":"user123"}
{"level":"warn","message":"No user found in request for permission check","permission":"user:read","service":"rbac","timestamp":"2025-05-28T21:53:57.602Z"}
{"level":"warn","message":"User lacks required role","path":"/test","requiredRole":"admin","service":"rbac","timestamp":"2025-05-28T21:53:57.602Z","userId":"user123","userRole":"designer"}
{"level":"warn","message":"No user found in request for role check","role":"admin","service":"rbac","timestamp":"2025-05-28T21:53:57.604Z"}
{"level":"warn","message":"User lacks any of the required permissions","path":"/test","permissions":["user:delete","billing:update"],"role":"designer","service":"rbac","timestamp":"2025-05-28T21:53:57.605Z","userId":"user123"}
{"level":"warn","message":"No user found in request for permission check","permissions":["user:read"],"service":"rbac","timestamp":"2025-05-28T21:53:57.605Z"}
{"error":"jwt malformed","level":"warn","message":"Invalid service token","service":"service-auth","timestamp":"2025-05-28T21:53:57.596Z"}
{"error":"invalid signature","level":"warn","message":"Invalid service token","service":"service-auth","timestamp":"2025-05-28T21:53:57.598Z"}
{"error":"jwt expired","level":"warn","message":"Invalid service token","service":"service-auth","timestamp":"2025-05-28T21:53:57.599Z"}
{"level":"warn","message":"No service auth header provided","path":"/test","service":"service-auth","timestamp":"2025-05-28T21:53:57.604Z"}
{"level":"warn","message":"No service auth header provided","path":"/test","service":"service-auth","timestamp":"2025-05-28T21:53:57.604Z"}
{"error":"jwt malformed","level":"warn","message":"Invalid service token","service":"service-auth","timestamp":"2025-05-28T21:53:57.605Z"}
{"level":"warn","message":"Service lacks required scope","path":"/test","requiredScope":"billing:read","service":"service-auth","serviceName":"users","serviceScope":["user:read","user:write","analytics:write"],"timestamp":"2025-05-28T21:53:57.605Z"}
{"level":"warn","message":"No service found in request for scope check","requiredScope":"user:read","service":"service-auth","timestamp":"2025-05-28T21:53:57.605Z"}
{"level":"warn","message":"Service lacks any of the required scopes","path":"/test","requiredScopes":["billing:read","integration:webhook"],"service":"service-auth","serviceName":"notifications","serviceScope":["notification:read","user:read","stream:publish"],"timestamp":"2025-05-28T21:53:57.606Z"}
{"level":"warn","message":"No service found in request for scope check","requiredScopes":["user:read"],"service":"service-auth","timestamp":"2025-05-28T21:53:57.606Z"}
{"level":"warn","message":"No authorization header provided","path":"/test","service":"auth-middleware","timestamp":"2025-05-28T21:53:57.626Z"}
{"level":"warn","message":"Empty authorization header provided","path":"/test","service":"auth-middleware","timestamp":"2025-05-28T21:53:57.627Z"}
{"error":"invalid signature","level":"warn","message":"Invalid JWT token","path":"/test","service":"auth-middleware","timestamp":"2025-05-28T21:53:57.631Z"}
{"level":"warn","message":"JWT token expired","path":"/test","service":"auth-middleware","timestamp":"2025-05-28T21:53:57.632Z"}
{"error":"invalid token","level":"warn","message":"Invalid JWT token","path":"/test","service":"auth-middleware","timestamp":"2025-05-28T21:53:57.632Z"}
{"error":"Cannot read properties of null (reading 'exp')","level":"error","message":"Failed to refresh token","service":"auth-middleware","timestamp":"2025-05-28T21:53:57.634Z"}
{"level":"warn","message":"Invalid role provided","role":"invalid-role","service":"rbac","timestamp":"2025-05-28T21:59:46.273Z"}
{"level":"warn","message":"Invalid role provided","role":"ADMIN","service":"rbac","timestamp":"2025-05-28T21:59:46.274Z"}
{"level":"warn","message":"Invalid role provided","role":"invalid-role","service":"rbac","timestamp":"2025-05-28T21:59:46.275Z"}
{"level":"warn","message":"User lacks required permission","path":"/test","permission":"user:delete","role":"designer","service":"rbac","timestamp":"2025-05-28T21:59:46.278Z","userId":"user123"}
{"level":"warn","message":"No user found in request for permission check","permission":"user:read","service":"rbac","timestamp":"2025-05-28T21:59:46.279Z"}
{"level":"warn","message":"User lacks required role","path":"/test","requiredRole":"admin","service":"rbac","timestamp":"2025-05-28T21:59:46.279Z","userId":"user123","userRole":"designer"}
{"level":"warn","message":"No user found in request for role check","role":"admin","service":"rbac","timestamp":"2025-05-28T21:59:46.280Z"}
{"level":"warn","message":"User lacks any of the required permissions","path":"/test","permissions":["user:delete","billing:update"],"role":"designer","service":"rbac","timestamp":"2025-05-28T21:59:46.280Z","userId":"user123"}
{"level":"warn","message":"No user found in request for permission check","permissions":["user:read"],"service":"rbac","timestamp":"2025-05-28T21:59:46.280Z"}
{"level":"warn","message":"No authorization header provided","path":"/test","service":"auth-middleware","timestamp":"2025-05-28T21:59:46.275Z"}
{"level":"warn","message":"Empty authorization header provided","path":"/test","service":"auth-middleware","timestamp":"2025-05-28T21:59:46.276Z"}
{"error":"invalid signature","level":"warn","message":"Invalid JWT token","path":"/test","service":"auth-middleware","timestamp":"2025-05-28T21:59:46.279Z"}
{"level":"warn","message":"JWT token expired","path":"/test","service":"auth-middleware","timestamp":"2025-05-28T21:59:46.282Z"}
{"error":"invalid token","level":"warn","message":"Invalid JWT token","path":"/test","service":"auth-middleware","timestamp":"2025-05-28T21:59:46.282Z"}
{"error":"Cannot read properties of null (reading 'exp')","level":"error","message":"Failed to refresh token","service":"auth-middleware","timestamp":"2025-05-28T21:59:46.284Z"}
{"error":"jwt malformed","level":"warn","message":"Invalid service token","service":"service-auth","timestamp":"2025-05-28T21:59:46.292Z"}
{"error":"invalid signature","level":"warn","message":"Invalid service token","service":"service-auth","timestamp":"2025-05-28T21:59:46.294Z"}
{"error":"jwt expired","level":"warn","message":"Invalid service token","service":"service-auth","timestamp":"2025-05-28T21:59:46.295Z"}
{"level":"warn","message":"No service auth header provided","path":"/test","service":"service-auth","timestamp":"2025-05-28T21:59:46.299Z"}
{"level":"warn","message":"No service auth header provided","path":"/test","service":"service-auth","timestamp":"2025-05-28T21:59:46.299Z"}
{"error":"jwt malformed","level":"warn","message":"Invalid service token","service":"service-auth","timestamp":"2025-05-28T21:59:46.299Z"}
{"level":"warn","message":"Service lacks required scope","path":"/test","requiredScope":"billing:read","service":"service-auth","serviceName":"users","serviceScope":["user:read","user:write","analytics:write"],"timestamp":"2025-05-28T21:59:46.300Z"}
{"level":"warn","message":"No service found in request for scope check","requiredScope":"user:read","service":"service-auth","timestamp":"2025-05-28T21:59:46.300Z"}
{"level":"warn","message":"Service lacks any of the required scopes","path":"/test","requiredScopes":["billing:read","integration:webhook"],"service":"service-auth","serviceName":"notifications","serviceScope":["notification:read","user:read","stream:publish"],"timestamp":"2025-05-28T21:59:46.301Z"}
{"level":"warn","message":"No service found in request for scope check","requiredScopes":["user:read"],"service":"service-auth","timestamp":"2025-05-28T21:59:46.301Z"}
{"level":"warn","message":"Invalid role provided","role":"invalid-role","service":"rbac","timestamp":"2025-05-28T22:06:01.669Z"}
{"level":"warn","message":"Invalid role provided","role":"ADMIN","service":"rbac","timestamp":"2025-05-28T22:06:01.671Z"}
{"level":"warn","message":"Invalid role provided","role":"invalid-role","service":"rbac","timestamp":"2025-05-28T22:06:01.672Z"}
{"level":"warn","message":"User lacks required permission","path":"/test","permission":"user:delete","role":"designer","service":"rbac","timestamp":"2025-05-28T22:06:01.673Z","userId":"user123"}
{"level":"warn","message":"No user found in request for permission check","permission":"user:read","service":"rbac","timestamp":"2025-05-28T22:06:01.674Z"}
{"level":"warn","message":"User lacks required role","path":"/test","requiredRole":"admin","service":"rbac","timestamp":"2025-05-28T22:06:01.674Z","userId":"user123","userRole":"designer"}
{"level":"warn","message":"No user found in request for role check","role":"admin","service":"rbac","timestamp":"2025-05-28T22:06:01.676Z"}
{"level":"warn","message":"User lacks any of the required permissions","path":"/test","permissions":["user:delete","billing:update"],"role":"designer","service":"rbac","timestamp":"2025-05-28T22:06:01.677Z","userId":"user123"}
{"level":"warn","message":"No user found in request for permission check","permissions":["user:read"],"service":"rbac","timestamp":"2025-05-28T22:06:01.677Z"}
{"level":"warn","message":"No authorization header provided","path":"/test","service":"auth-middleware","timestamp":"2025-05-28T22:06:01.673Z"}
{"level":"warn","message":"Empty authorization header provided","path":"/test","service":"auth-middleware","timestamp":"2025-05-28T22:06:01.674Z"}
{"error":"invalid signature","level":"warn","message":"Invalid JWT token","path":"/test","service":"auth-middleware","timestamp":"2025-05-28T22:06:01.678Z"}
{"level":"warn","message":"JWT token expired","path":"/test","service":"auth-middleware","timestamp":"2025-05-28T22:06:01.679Z"}
{"error":"invalid token","level":"warn","message":"Invalid JWT token","path":"/test","service":"auth-middleware","timestamp":"2025-05-28T22:06:01.680Z"}
{"error":"Cannot read properties of null (reading 'exp')","level":"error","message":"Failed to refresh token","service":"auth-middleware","timestamp":"2025-05-28T22:06:01.682Z"}
{"error":"jwt malformed","level":"warn","message":"Invalid service token","service":"service-auth","timestamp":"2025-05-28T22:06:01.675Z"}
{"error":"invalid signature","level":"warn","message":"Invalid service token","service":"service-auth","timestamp":"2025-05-28T22:06:01.678Z"}
{"error":"jwt expired","level":"warn","message":"Invalid service token","service":"service-auth","timestamp":"2025-05-28T22:06:01.679Z"}
{"level":"warn","message":"No service auth header provided","path":"/test","service":"service-auth","timestamp":"2025-05-28T22:06:01.681Z"}
{"level":"warn","message":"No service auth header provided","path":"/test","service":"service-auth","timestamp":"2025-05-28T22:06:01.682Z"}
{"error":"jwt malformed","level":"warn","message":"Invalid service token","service":"service-auth","timestamp":"2025-05-28T22:06:01.682Z"}
{"level":"warn","message":"Service lacks required scope","path":"/test","requiredScope":"billing:read","service":"service-auth","serviceName":"users","serviceScope":["user:read","user:write","analytics:write"],"timestamp":"2025-05-28T22:06:01.682Z"}
{"level":"warn","message":"No service found in request for scope check","requiredScope":"user:read","service":"service-auth","timestamp":"2025-05-28T22:06:01.683Z"}
{"level":"warn","message":"Service lacks any of the required scopes","path":"/test","requiredScopes":["billing:read","integration:webhook"],"service":"service-auth","serviceName":"notifications","serviceScope":["notification:read","user:read","stream:publish"],"timestamp":"2025-05-28T22:06:01.683Z"}
{"level":"warn","message":"No service found in request for scope check","requiredScopes":["user:read"],"service":"service-auth","timestamp":"2025-05-28T22:06:01.683Z"}
{"level":"warn","message":"Invalid role provided","role":"invalid-role","service":"rbac","timestamp":"2025-05-28T22:07:49.273Z"}
{"level":"warn","message":"Invalid role provided","role":"ADMIN","service":"rbac","timestamp":"2025-05-28T22:07:49.274Z"}
{"level":"warn","message":"Invalid role provided","role":"invalid-role","service":"rbac","timestamp":"2025-05-28T22:07:49.275Z"}
{"level":"warn","message":"User lacks required permission","path":"/test","permission":"user:delete","role":"designer","service":"rbac","timestamp":"2025-05-28T22:07:49.277Z","userId":"user123"}
{"level":"warn","message":"No user found in request for permission check","permission":"user:read","service":"rbac","timestamp":"2025-05-28T22:07:49.277Z"}
{"level":"warn","message":"User lacks required role","path":"/test","requiredRole":"admin","service":"rbac","timestamp":"2025-05-28T22:07:49.278Z","userId":"user123","userRole":"designer"}
{"level":"warn","message":"No user found in request for role check","role":"admin","service":"rbac","timestamp":"2025-05-28T22:07:49.278Z"}
{"level":"warn","message":"User lacks any of the required permissions","path":"/test","permissions":["user:delete","billing:update"],"role":"designer","service":"rbac","timestamp":"2025-05-28T22:07:49.279Z","userId":"user123"}
{"level":"warn","message":"No user found in request for permission check","permissions":["user:read"],"service":"rbac","timestamp":"2025-05-28T22:07:49.279Z"}
{"level":"warn","message":"No authorization header provided","path":"/test","service":"auth-middleware","timestamp":"2025-05-28T22:07:49.294Z"}
{"level":"warn","message":"Empty authorization header provided","path":"/test","service":"auth-middleware","timestamp":"2025-05-28T22:07:49.295Z"}
{"error":"invalid signature","level":"warn","message":"Invalid JWT token","path":"/test","service":"auth-middleware","timestamp":"2025-05-28T22:07:49.299Z"}
{"level":"warn","message":"JWT token expired","path":"/test","service":"auth-middleware","timestamp":"2025-05-28T22:07:49.300Z"}
{"error":"invalid token","level":"warn","message":"Invalid JWT token","path":"/test","service":"auth-middleware","timestamp":"2025-05-28T22:07:49.301Z"}
{"error":"Cannot read properties of null (reading 'exp')","level":"error","message":"Failed to refresh token","service":"auth-middleware","timestamp":"2025-05-28T22:07:49.303Z"}
{"error":"jwt malformed","level":"warn","message":"Invalid service token","service":"service-auth","timestamp":"2025-05-28T22:07:49.322Z"}
{"error":"invalid signature","level":"warn","message":"Invalid service token","service":"service-auth","timestamp":"2025-05-28T22:07:49.325Z"}
{"error":"jwt expired","level":"warn","message":"Invalid service token","service":"service-auth","timestamp":"2025-05-28T22:07:49.326Z"}
{"level":"warn","message":"No service auth header provided","path":"/test","service":"service-auth","timestamp":"2025-05-28T22:07:49.328Z"}
{"level":"warn","message":"No service auth header provided","path":"/test","service":"service-auth","timestamp":"2025-05-28T22:07:49.328Z"}
{"error":"jwt malformed","level":"warn","message":"Invalid service token","service":"service-auth","timestamp":"2025-05-28T22:07:49.329Z"}
{"level":"warn","message":"Service lacks required scope","path":"/test","requiredScope":"billing:read","service":"service-auth","serviceName":"users","serviceScope":["user:read","user:write","analytics:write"],"timestamp":"2025-05-28T22:07:49.329Z"}
{"level":"warn","message":"No service found in request for scope check","requiredScope":"user:read","service":"service-auth","timestamp":"2025-05-28T22:07:49.329Z"}
{"level":"warn","message":"Service lacks any of the required scopes","path":"/test","requiredScopes":["billing:read","integration:webhook"],"service":"service-auth","serviceName":"notifications","serviceScope":["notification:read","user:read","stream:publish"],"timestamp":"2025-05-28T22:07:49.330Z"}
{"level":"warn","message":"No service found in request for scope check","requiredScopes":["user:read"],"service":"service-auth","timestamp":"2025-05-28T22:07:49.330Z"}
{"level":"warn","message":"No authorization header provided","path":"/test","service":"auth-middleware","timestamp":"2025-05-28T22:08:39.454Z"}
{"level":"warn","message":"Empty authorization header provided","path":"/test","service":"auth-middleware","timestamp":"2025-05-28T22:08:39.455Z"}
{"error":"invalid signature","level":"warn","message":"Invalid JWT token","path":"/test","service":"auth-middleware","timestamp":"2025-05-28T22:08:39.457Z"}
{"level":"warn","message":"JWT token expired","path":"/test","service":"auth-middleware","timestamp":"2025-05-28T22:08:39.458Z"}
{"error":"invalid token","level":"warn","message":"Invalid JWT token","path":"/test","service":"auth-middleware","timestamp":"2025-05-28T22:08:39.459Z"}
{"error":"Cannot read properties of null (reading 'exp')","level":"error","message":"Failed to refresh token","service":"auth-middleware","timestamp":"2025-05-28T22:08:39.463Z"}
{"level":"warn","message":"Invalid role provided","role":"invalid-role","service":"rbac","timestamp":"2025-05-28T22:08:39.476Z"}
{"level":"warn","message":"Invalid role provided","role":"ADMIN","service":"rbac","timestamp":"2025-05-28T22:08:39.477Z"}
{"level":"warn","message":"Invalid role provided","role":"invalid-role","service":"rbac","timestamp":"2025-05-28T22:08:39.478Z"}
{"level":"warn","message":"User lacks required permission","path":"/test","permission":"user:delete","role":"designer","service":"rbac","timestamp":"2025-05-28T22:08:39.481Z","userId":"user123"}
{"level":"warn","message":"No user found in request for permission check","permission":"user:read","service":"rbac","timestamp":"2025-05-28T22:08:39.481Z"}
{"level":"warn","message":"User lacks required role","path":"/test","requiredRole":"admin","service":"rbac","timestamp":"2025-05-28T22:08:39.482Z","userId":"user123","userRole":"designer"}
{"level":"warn","message":"No user found in request for role check","role":"admin","service":"rbac","timestamp":"2025-05-28T22:08:39.482Z"}
{"level":"warn","message":"User lacks any of the required permissions","path":"/test","permissions":["user:delete","billing:update"],"role":"designer","service":"rbac","timestamp":"2025-05-28T22:08:39.482Z","userId":"user123"}
{"level":"warn","message":"No user found in request for permission check","permissions":["user:read"],"service":"rbac","timestamp":"2025-05-28T22:08:39.483Z"}
{"error":"jwt malformed","level":"warn","message":"Invalid service token","service":"service-auth","timestamp":"2025-05-28T22:08:39.469Z"}
{"error":"invalid signature","level":"warn","message":"Invalid service token","service":"service-auth","timestamp":"2025-05-28T22:08:39.471Z"}
{"error":"jwt expired","level":"warn","message":"Invalid service token","service":"service-auth","timestamp":"2025-05-28T22:08:39.472Z"}
{"level":"warn","message":"No service auth header provided","path":"/test","service":"service-auth","timestamp":"2025-05-28T22:08:39.474Z"}
{"level":"warn","message":"No service auth header provided","path":"/test","service":"service-auth","timestamp":"2025-05-28T22:08:39.474Z"}
{"error":"jwt malformed","level":"warn","message":"Invalid service token","service":"service-auth","timestamp":"2025-05-28T22:08:39.475Z"}
{"level":"warn","message":"Service lacks required scope","path":"/test","requiredScope":"billing:read","service":"service-auth","serviceName":"users","serviceScope":["user:read","user:write","analytics:write"],"timestamp":"2025-05-28T22:08:39.475Z"}
{"level":"warn","message":"No service found in request for scope check","requiredScope":"user:read","service":"service-auth","timestamp":"2025-05-28T22:08:39.475Z"}
{"level":"warn","message":"Service lacks any of the required scopes","path":"/test","requiredScopes":["billing:read","integration:webhook"],"service":"service-auth","serviceName":"notifications","serviceScope":["notification:read","user:read","stream:publish"],"timestamp":"2025-05-28T22:08:39.476Z"}
{"level":"warn","message":"No service found in request for scope check","requiredScopes":["user:read"],"service":"service-auth","timestamp":"2025-05-28T22:08:39.476Z"}
{"level":"warn","message":"Invalid role provided","role":"invalid-role","service":"rbac","timestamp":"2025-05-28T22:09:34.769Z"}
{"level":"warn","message":"Invalid role provided","role":"ADMIN","service":"rbac","timestamp":"2025-05-28T22:09:34.771Z"}
{"level":"warn","message":"Invalid role provided","role":"invalid-role","service":"rbac","timestamp":"2025-05-28T22:09:34.773Z"}
{"level":"warn","message":"User lacks required permission","path":"/test","permission":"user:delete","role":"designer","service":"rbac","timestamp":"2025-05-28T22:09:34.774Z","userId":"user123"}
{"level":"warn","message":"No user found in request for permission check","permission":"user:read","service":"rbac","timestamp":"2025-05-28T22:09:34.775Z"}
{"level":"warn","message":"User lacks required role","path":"/test","requiredRole":"admin","service":"rbac","timestamp":"2025-05-28T22:09:34.775Z","userId":"user123","userRole":"designer"}
{"level":"warn","message":"No user found in request for role check","role":"admin","service":"rbac","timestamp":"2025-05-28T22:09:34.776Z"}
{"level":"warn","message":"User lacks any of the required permissions","path":"/test","permissions":["user:delete","billing:update"],"role":"designer","service":"rbac","timestamp":"2025-05-28T22:09:34.776Z","userId":"user123"}
{"level":"warn","message":"No user found in request for permission check","permissions":["user:read"],"service":"rbac","timestamp":"2025-05-28T22:09:34.776Z"}
{"level":"warn","message":"No authorization header provided","path":"/test","service":"auth-middleware","timestamp":"2025-05-28T22:09:34.802Z"}
{"level":"warn","message":"Empty authorization header provided","path":"/test","service":"auth-middleware","timestamp":"2025-05-28T22:09:34.803Z"}
{"error":"invalid signature","level":"warn","message":"Invalid JWT token","path":"/test","service":"auth-middleware","timestamp":"2025-05-28T22:09:34.806Z"}
{"level":"warn","message":"JWT token expired","path":"/test","service":"auth-middleware","timestamp":"2025-05-28T22:09:34.807Z"}
{"error":"invalid token","level":"warn","message":"Invalid JWT token","path":"/test","service":"auth-middleware","timestamp":"2025-05-28T22:09:34.807Z"}
{"error":"Cannot read properties of null (reading 'exp')","level":"error","message":"Failed to refresh token","service":"auth-middleware","timestamp":"2025-05-28T22:09:34.809Z"}
{"error":"jwt malformed","level":"warn","message":"Invalid service token","service":"service-auth","timestamp":"2025-05-28T22:09:34.802Z"}
{"error":"invalid signature","level":"warn","message":"Invalid service token","service":"service-auth","timestamp":"2025-05-28T22:09:34.804Z"}
{"error":"jwt expired","level":"warn","message":"Invalid service token","service":"service-auth","timestamp":"2025-05-28T22:09:34.805Z"}
{"level":"warn","message":"No service auth header provided","path":"/test","service":"service-auth","timestamp":"2025-05-28T22:09:34.807Z"}
{"level":"warn","message":"No service auth header provided","path":"/test","service":"service-auth","timestamp":"2025-05-28T22:09:34.807Z"}
{"error":"jwt malformed","level":"warn","message":"Invalid service token","service":"service-auth","timestamp":"2025-05-28T22:09:34.808Z"}
{"level":"warn","message":"Service lacks required scope","path":"/test","requiredScope":"billing:read","service":"service-auth","serviceName":"users","serviceScope":["user:read","user:write","analytics:write"],"timestamp":"2025-05-28T22:09:34.808Z"}
{"level":"warn","message":"No service found in request for scope check","requiredScope":"user:read","service":"service-auth","timestamp":"2025-05-28T22:09:34.808Z"}
{"level":"warn","message":"Service lacks any of the required scopes","path":"/test","requiredScopes":["billing:read","integration:webhook"],"service":"service-auth","serviceName":"notifications","serviceScope":["notification:read","user:read","stream:publish"],"timestamp":"2025-05-28T22:09:34.809Z"}
{"level":"warn","message":"No service found in request for scope check","requiredScopes":["user:read"],"service":"service-auth","timestamp":"2025-05-28T22:09:34.809Z"}
{"level":"warn","message":"Invalid role provided","role":"invalid-role","service":"rbac","timestamp":"2025-05-28T22:10:19.362Z"}
{"level":"warn","message":"Invalid role provided","role":"ADMIN","service":"rbac","timestamp":"2025-05-28T22:10:19.363Z"}
{"level":"warn","message":"Invalid role provided","role":"invalid-role","service":"rbac","timestamp":"2025-05-28T22:10:19.364Z"}
{"level":"warn","message":"User lacks required permission","path":"/test","permission":"user:delete","role":"designer","service":"rbac","timestamp":"2025-05-28T22:10:19.367Z","userId":"user123"}
{"level":"warn","message":"No user found in request for permission check","permission":"user:read","service":"rbac","timestamp":"2025-05-28T22:10:19.367Z"}
{"level":"warn","message":"User lacks required role","path":"/test","requiredRole":"admin","service":"rbac","timestamp":"2025-05-28T22:10:19.368Z","userId":"user123","userRole":"designer"}
{"level":"warn","message":"No user found in request for role check","role":"admin","service":"rbac","timestamp":"2025-05-28T22:10:19.368Z"}
{"level":"warn","message":"User lacks any of the required permissions","path":"/test","permissions":["user:delete","billing:update"],"role":"designer","service":"rbac","timestamp":"2025-05-28T22:10:19.368Z","userId":"user123"}
{"level":"warn","message":"No user found in request for permission check","permissions":["user:read"],"service":"rbac","timestamp":"2025-05-28T22:10:19.369Z"}
{"error":"jwt malformed","level":"warn","message":"Invalid service token","service":"service-auth","timestamp":"2025-05-28T22:10:19.365Z"}
{"error":"invalid signature","level":"warn","message":"Invalid service token","service":"service-auth","timestamp":"2025-05-28T22:10:19.367Z"}
{"error":"jwt expired","level":"warn","message":"Invalid service token","service":"service-auth","timestamp":"2025-05-28T22:10:19.368Z"}
{"level":"warn","message":"No service auth header provided","path":"/test","service":"service-auth","timestamp":"2025-05-28T22:10:19.371Z"}
{"level":"warn","message":"No service auth header provided","path":"/test","service":"service-auth","timestamp":"2025-05-28T22:10:19.371Z"}
{"error":"jwt malformed","level":"warn","message":"Invalid service token","service":"service-auth","timestamp":"2025-05-28T22:10:19.371Z"}
{"level":"warn","message":"Service lacks required scope","path":"/test","requiredScope":"billing:read","service":"service-auth","serviceName":"users","serviceScope":["user:read","user:write","analytics:write"],"timestamp":"2025-05-28T22:10:19.372Z"}
{"level":"warn","message":"No service found in request for scope check","requiredScope":"user:read","service":"service-auth","timestamp":"2025-05-28T22:10:19.372Z"}
{"level":"warn","message":"Service lacks any of the required scopes","path":"/test","requiredScopes":["billing:read","integration:webhook"],"service":"service-auth","serviceName":"notifications","serviceScope":["notification:read","user:read","stream:publish"],"timestamp":"2025-05-28T22:10:19.372Z"}
{"level":"warn","message":"No service found in request for scope check","requiredScopes":["user:read"],"service":"service-auth","timestamp":"2025-05-28T22:10:19.373Z"}
{"level":"warn","message":"No authorization header provided","path":"/test","service":"auth-middleware","timestamp":"2025-05-28T22:10:19.395Z"}
{"level":"warn","message":"Empty authorization header provided","path":"/test","service":"auth-middleware","timestamp":"2025-05-28T22:10:19.395Z"}
{"error":"invalid signature","level":"warn","message":"Invalid JWT token","path":"/test","service":"auth-middleware","timestamp":"2025-05-28T22:10:19.398Z"}
{"level":"warn","message":"JWT token expired","path":"/test","service":"auth-middleware","timestamp":"2025-05-28T22:10:19.399Z"}
{"error":"invalid token","level":"warn","message":"Invalid JWT token","path":"/test","service":"auth-middleware","timestamp":"2025-05-28T22:10:19.399Z"}
{"error":"Cannot read properties of null (reading 'exp')","level":"error","message":"Failed to refresh token","service":"auth-middleware","timestamp":"2025-05-28T22:10:19.403Z"}
{"level":"warn","message":"Invalid role provided","role":"invalid-role","service":"rbac","timestamp":"2025-05-28T22:14:00.307Z"}
{"level":"warn","message":"Invalid role provided","role":"ADMIN","service":"rbac","timestamp":"2025-05-28T22:14:00.309Z"}
{"level":"warn","message":"Invalid role provided","role":"invalid-role","service":"rbac","timestamp":"2025-05-28T22:14:00.310Z"}
{"level":"warn","message":"User lacks required permission","path":"/test","permission":"user:delete","role":"designer","service":"rbac","timestamp":"2025-05-28T22:14:00.311Z","userId":"user123"}
{"level":"warn","message":"No user found in request for permission check","permission":"user:read","service":"rbac","timestamp":"2025-05-28T22:14:00.311Z"}
{"level":"warn","message":"User lacks required role","path":"/test","requiredRole":"admin","service":"rbac","timestamp":"2025-05-28T22:14:00.312Z","userId":"user123","userRole":"designer"}
{"level":"warn","message":"No user found in request for role check","role":"admin","service":"rbac","timestamp":"2025-05-28T22:14:00.312Z"}
{"level":"warn","message":"User lacks any of the required permissions","path":"/test","permissions":["user:delete","billing:update"],"role":"designer","service":"rbac","timestamp":"2025-05-28T22:14:00.312Z","userId":"user123"}
{"level":"warn","message":"No user found in request for permission check","permissions":["user:read"],"service":"rbac","timestamp":"2025-05-28T22:14:00.313Z"}
{"error":"jwt malformed","level":"warn","message":"Invalid service token","service":"service-auth","timestamp":"2025-05-28T22:14:00.353Z"}
{"error":"invalid signature","level":"warn","message":"Invalid service token","service":"service-auth","timestamp":"2025-05-28T22:14:00.355Z"}
{"error":"jwt expired","level":"warn","message":"Invalid service token","service":"service-auth","timestamp":"2025-05-28T22:14:00.356Z"}
{"level":"warn","message":"No service auth header provided","path":"/test","service":"service-auth","timestamp":"2025-05-28T22:14:00.361Z"}
{"level":"warn","message":"No service auth header provided","path":"/test","service":"service-auth","timestamp":"2025-05-28T22:14:00.362Z"}
{"error":"jwt malformed","level":"warn","message":"Invalid service token","service":"service-auth","timestamp":"2025-05-28T22:14:00.362Z"}
{"level":"warn","message":"Service lacks required scope","path":"/test","requiredScope":"billing:read","service":"service-auth","serviceName":"users","serviceScope":["user:read","user:write","analytics:write"],"timestamp":"2025-05-28T22:14:00.363Z"}
{"level":"warn","message":"No service found in request for scope check","requiredScope":"user:read","service":"service-auth","timestamp":"2025-05-28T22:14:00.363Z"}
{"level":"warn","message":"Service lacks any of the required scopes","path":"/test","requiredScopes":["billing:read","integration:webhook"],"service":"service-auth","serviceName":"notifications","serviceScope":["notification:read","user:read","stream:publish"],"timestamp":"2025-05-28T22:14:00.363Z"}
{"level":"warn","message":"No service found in request for scope check","requiredScopes":["user:read"],"service":"service-auth","timestamp":"2025-05-28T22:14:00.364Z"}
{"level":"warn","message":"No authorization header provided","path":"/test","service":"auth-middleware","timestamp":"2025-05-28T22:14:00.368Z"}
{"level":"warn","message":"Empty authorization header provided","path":"/test","service":"auth-middleware","timestamp":"2025-05-28T22:14:00.369Z"}
{"error":"invalid signature","level":"warn","message":"Invalid JWT token","path":"/test","service":"auth-middleware","timestamp":"2025-05-28T22:14:00.372Z"}
{"level":"warn","message":"JWT token expired","path":"/test","service":"auth-middleware","timestamp":"2025-05-28T22:14:00.375Z"}
{"error":"invalid token","level":"warn","message":"Invalid JWT token","path":"/test","service":"auth-middleware","timestamp":"2025-05-28T22:14:00.376Z"}
{"error":"Cannot read properties of null (reading 'exp')","level":"error","message":"Failed to refresh token","service":"auth-middleware","timestamp":"2025-05-28T22:14:00.378Z"}
{"level":"warn","message":"Invalid role provided","role":"invalid-role","service":"rbac","timestamp":"2025-05-28T22:14:16.211Z"}
{"level":"warn","message":"Invalid role provided","role":"ADMIN","service":"rbac","timestamp":"2025-05-28T22:14:16.212Z"}
{"level":"warn","message":"Invalid role provided","role":"invalid-role","service":"rbac","timestamp":"2025-05-28T22:14:16.213Z"}
{"level":"warn","message":"User lacks required permission","path":"/test","permission":"user:delete","role":"designer","service":"rbac","timestamp":"2025-05-28T22:14:16.216Z","userId":"user123"}
{"level":"warn","message":"No user found in request for permission check","permission":"user:read","service":"rbac","timestamp":"2025-05-28T22:14:16.216Z"}
{"level":"warn","message":"User lacks required role","path":"/test","requiredRole":"admin","service":"rbac","timestamp":"2025-05-28T22:14:16.217Z","userId":"user123","userRole":"designer"}
{"level":"warn","message":"No user found in request for role check","role":"admin","service":"rbac","timestamp":"2025-05-28T22:14:16.217Z"}
{"level":"warn","message":"User lacks any of the required permissions","path":"/test","permissions":["user:delete","billing:update"],"role":"designer","service":"rbac","timestamp":"2025-05-28T22:14:16.217Z","userId":"user123"}
{"level":"warn","message":"No user found in request for permission check","permissions":["user:read"],"service":"rbac","timestamp":"2025-05-28T22:14:16.218Z"}
{"error":"jwt malformed","level":"warn","message":"Invalid service token","service":"service-auth","timestamp":"2025-05-28T22:14:16.203Z"}
{"error":"invalid signature","level":"warn","message":"Invalid service token","service":"service-auth","timestamp":"2025-05-28T22:14:16.205Z"}
{"error":"jwt expired","level":"warn","message":"Invalid service token","service":"service-auth","timestamp":"2025-05-28T22:14:16.206Z"}
{"level":"warn","message":"No service auth header provided","path":"/test","service":"service-auth","timestamp":"2025-05-28T22:14:16.209Z"}
{"level":"warn","message":"No service auth header provided","path":"/test","service":"service-auth","timestamp":"2025-05-28T22:14:16.209Z"}
{"error":"jwt malformed","level":"warn","message":"Invalid service token","service":"service-auth","timestamp":"2025-05-28T22:14:16.210Z"}
{"level":"warn","message":"Service lacks required scope","path":"/test","requiredScope":"billing:read","service":"service-auth","serviceName":"users","serviceScope":["user:read","user:write","analytics:write"],"timestamp":"2025-05-28T22:14:16.210Z"}
{"level":"warn","message":"No service found in request for scope check","requiredScope":"user:read","service":"service-auth","timestamp":"2025-05-28T22:14:16.210Z"}
{"level":"warn","message":"Service lacks any of the required scopes","path":"/test","requiredScopes":["billing:read","integration:webhook"],"service":"service-auth","serviceName":"notifications","serviceScope":["notification:read","user:read","stream:publish"],"timestamp":"2025-05-28T22:14:16.211Z"}
{"level":"warn","message":"No service found in request for scope check","requiredScopes":["user:read"],"service":"service-auth","timestamp":"2025-05-28T22:14:16.211Z"}
{"level":"warn","message":"No authorization header provided","path":"/test","service":"auth-middleware","timestamp":"2025-05-28T22:14:16.218Z"}
{"level":"warn","message":"Empty authorization header provided","path":"/test","service":"auth-middleware","timestamp":"2025-05-28T22:14:16.218Z"}
{"error":"invalid signature","level":"warn","message":"Invalid JWT token","path":"/test","service":"auth-middleware","timestamp":"2025-05-28T22:14:16.223Z"}
{"level":"warn","message":"JWT token expired","path":"/test","service":"auth-middleware","timestamp":"2025-05-28T22:14:16.224Z"}
{"error":"invalid token","level":"warn","message":"Invalid JWT token","path":"/test","service":"auth-middleware","timestamp":"2025-05-28T22:14:16.224Z"}
{"error":"Cannot read properties of null (reading 'exp')","level":"error","message":"Failed to refresh token","service":"auth-middleware","timestamp":"2025-05-28T22:14:16.226Z"}
{"level":"warn","message":"Invalid role provided","role":"invalid-role","service":"rbac","timestamp":"2025-05-28T22:55:23.991Z"}
{"level":"warn","message":"Invalid role provided","role":"ADMIN","service":"rbac","timestamp":"2025-05-28T22:55:23.993Z"}
{"level":"warn","message":"Invalid role provided","role":"invalid-role","service":"rbac","timestamp":"2025-05-28T22:55:23.994Z"}
{"level":"warn","message":"User lacks required permission","path":"/test","permission":"user:delete","role":"designer","service":"rbac","timestamp":"2025-05-28T22:55:23.995Z","userId":"user123"}
{"level":"warn","message":"No user found in request for permission check","permission":"user:read","service":"rbac","timestamp":"2025-05-28T22:55:23.997Z"}
{"level":"warn","message":"User lacks required role","path":"/test","requiredRole":"admin","service":"rbac","timestamp":"2025-05-28T22:55:23.998Z","userId":"user123","userRole":"designer"}
{"level":"warn","message":"No user found in request for role check","role":"admin","service":"rbac","timestamp":"2025-05-28T22:55:23.998Z"}
{"level":"warn","message":"User lacks any of the required permissions","path":"/test","permissions":["user:delete","billing:update"],"role":"designer","service":"rbac","timestamp":"2025-05-28T22:55:23.998Z","userId":"user123"}
{"level":"warn","message":"No user found in request for permission check","permissions":["user:read"],"service":"rbac","timestamp":"2025-05-28T22:55:23.999Z"}
{"level":"warn","message":"No authorization header provided","path":"/test","service":"auth-middleware","timestamp":"2025-05-28T22:55:23.994Z"}
{"level":"warn","message":"Empty authorization header provided","path":"/test","service":"auth-middleware","timestamp":"2025-05-28T22:55:23.995Z"}
{"error":"invalid signature","level":"warn","message":"Invalid JWT token","path":"/test","service":"auth-middleware","timestamp":"2025-05-28T22:55:23.999Z"}
{"level":"warn","message":"JWT token expired","path":"/test","service":"auth-middleware","timestamp":"2025-05-28T22:55:24.001Z"}
{"error":"invalid token","level":"warn","message":"Invalid JWT token","path":"/test","service":"auth-middleware","timestamp":"2025-05-28T22:55:24.001Z"}
{"error":"Cannot read properties of null (reading 'exp')","level":"error","message":"Failed to refresh token","service":"auth-middleware","timestamp":"2025-05-28T22:55:24.004Z"}
{"error":"jwt malformed","level":"warn","message":"Invalid service token","service":"service-auth","timestamp":"2025-05-28T22:55:23.995Z"}
{"error":"invalid signature","level":"warn","message":"Invalid service token","service":"service-auth","timestamp":"2025-05-28T22:55:23.997Z"}
{"error":"jwt expired","level":"warn","message":"Invalid service token","service":"service-auth","timestamp":"2025-05-28T22:55:23.998Z"}
{"level":"warn","message":"No service auth header provided","path":"/test","service":"service-auth","timestamp":"2025-05-28T22:55:24.001Z"}
{"level":"warn","message":"No service auth header provided","path":"/test","service":"service-auth","timestamp":"2025-05-28T22:55:24.001Z"}
{"error":"jwt malformed","level":"warn","message":"Invalid service token","service":"service-auth","timestamp":"2025-05-28T22:55:24.002Z"}
{"level":"warn","message":"Service lacks required scope","path":"/test","requiredScope":"billing:read","service":"service-auth","serviceName":"users","serviceScope":["user:read","user:write","analytics:write"],"timestamp":"2025-05-28T22:55:24.002Z"}
{"level":"warn","message":"No service found in request for scope check","requiredScope":"user:read","service":"service-auth","timestamp":"2025-05-28T22:55:24.002Z"}
{"level":"warn","message":"Service lacks any of the required scopes","path":"/test","requiredScopes":["billing:read","integration:webhook"],"service":"service-auth","serviceName":"notifications","serviceScope":["notification:read","user:read","stream:publish"],"timestamp":"2025-05-28T22:55:24.003Z"}
{"level":"warn","message":"No service found in request for scope check","requiredScopes":["user:read"],"service":"service-auth","timestamp":"2025-05-28T22:55:24.003Z"}
{"level":"warn","message":"Invalid role provided","role":"invalid-role","service":"rbac","timestamp":"2025-05-31T10:47:56.486Z"}
{"level":"warn","message":"Invalid role provided","role":"ADMIN","service":"rbac","timestamp":"2025-05-31T10:47:56.487Z"}
{"level":"warn","message":"Invalid role provided","role":"invalid-role","service":"rbac","timestamp":"2025-05-31T10:47:56.488Z"}
{"level":"warn","message":"User lacks required permission","path":"/test","permission":"user:delete","role":"designer","service":"rbac","timestamp":"2025-05-31T10:47:56.489Z","userId":"user123"}
{"level":"warn","message":"No user found in request for permission check","permission":"user:read","service":"rbac","timestamp":"2025-05-31T10:47:56.490Z"}
{"level":"warn","message":"User lacks required role","path":"/test","requiredRole":"admin","service":"rbac","timestamp":"2025-05-31T10:47:56.490Z","userId":"user123","userRole":"designer"}
{"level":"warn","message":"No user found in request for role check","role":"admin","service":"rbac","timestamp":"2025-05-31T10:47:56.490Z"}
{"level":"warn","message":"User lacks any of the required permissions","path":"/test","permissions":["user:delete","billing:update"],"role":"designer","service":"rbac","timestamp":"2025-05-31T10:47:56.491Z","userId":"user123"}
{"level":"warn","message":"No user found in request for permission check","permissions":["user:read"],"service":"rbac","timestamp":"2025-05-31T10:47:56.491Z"}
{"level":"warn","message":"No authorization header provided","path":"/test","service":"auth-middleware","timestamp":"2025-05-31T10:47:56.488Z"}
{"level":"warn","message":"Empty authorization header provided","path":"/test","service":"auth-middleware","timestamp":"2025-05-31T10:47:56.489Z"}
{"error":"invalid signature","level":"warn","message":"Invalid JWT token","path":"/test","service":"auth-middleware","timestamp":"2025-05-31T10:47:56.492Z"}
{"level":"warn","message":"JWT token expired","path":"/test","service":"auth-middleware","timestamp":"2025-05-31T10:47:56.493Z"}
{"error":"invalid token","level":"warn","message":"Invalid JWT token","path":"/test","service":"auth-middleware","timestamp":"2025-05-31T10:47:56.493Z"}
{"error":"Cannot read properties of null (reading 'exp')","level":"error","message":"Failed to refresh token","service":"auth-middleware","timestamp":"2025-05-31T10:47:56.495Z"}
{"error":"jwt malformed","level":"warn","message":"Invalid service token","service":"service-auth","timestamp":"2025-05-31T10:47:56.491Z"}
{"error":"invalid signature","level":"warn","message":"Invalid service token","service":"service-auth","timestamp":"2025-05-31T10:47:56.493Z"}
{"error":"jwt expired","level":"warn","message":"Invalid service token","service":"service-auth","timestamp":"2025-05-31T10:47:56.494Z"}
{"level":"warn","message":"No service auth header provided","path":"/test","service":"service-auth","timestamp":"2025-05-31T10:47:56.497Z"}
{"level":"warn","message":"No service auth header provided","path":"/test","service":"service-auth","timestamp":"2025-05-31T10:47:56.497Z"}
{"error":"jwt malformed","level":"warn","message":"Invalid service token","service":"service-auth","timestamp":"2025-05-31T10:47:56.497Z"}
{"level":"warn","message":"Service lacks required scope","path":"/test","requiredScope":"billing:read","service":"service-auth","serviceName":"users","serviceScope":["user:read","user:write","analytics:write"],"timestamp":"2025-05-31T10:47:56.498Z"}
{"level":"warn","message":"No service found in request for scope check","requiredScope":"user:read","service":"service-auth","timestamp":"2025-05-31T10:47:56.498Z"}
{"level":"warn","message":"Service lacks any of the required scopes","path":"/test","requiredScopes":["billing:read","integration:webhook"],"service":"service-auth","serviceName":"notifications","serviceScope":["notification:read","user:read","stream:publish"],"timestamp":"2025-05-31T10:47:56.498Z"}
{"level":"warn","message":"No service found in request for scope check","requiredScopes":["user:read"],"service":"service-auth","timestamp":"2025-05-31T10:47:56.499Z"}
{"level":"warn","message":"Invalid role provided","role":"invalid-role","service":"rbac","timestamp":"2025-05-31T11:27:04.025Z"}
{"level":"warn","message":"Invalid role provided","role":"ADMIN","service":"rbac","timestamp":"2025-05-31T11:27:04.027Z"}
{"level":"warn","message":"Invalid role provided","role":"invalid-role","service":"rbac","timestamp":"2025-05-31T11:27:04.027Z"}
{"level":"warn","message":"User lacks required permission","path":"/test","permission":"user:delete","role":"designer","service":"rbac","timestamp":"2025-05-31T11:27:04.030Z","userId":"user123"}
{"level":"warn","message":"No user found in request for permission check","permission":"user:read","service":"rbac","timestamp":"2025-05-31T11:27:04.031Z"}
{"level":"warn","message":"User lacks required role","path":"/test","requiredRole":"admin","service":"rbac","timestamp":"2025-05-31T11:27:04.031Z","userId":"user123","userRole":"designer"}
{"level":"warn","message":"No user found in request for role check","role":"admin","service":"rbac","timestamp":"2025-05-31T11:27:04.031Z"}
{"level":"warn","message":"User lacks any of the required permissions","path":"/test","permissions":["user:delete","billing:update"],"role":"designer","service":"rbac","timestamp":"2025-05-31T11:27:04.032Z","userId":"user123"}
{"level":"warn","message":"No user found in request for permission check","permissions":["user:read"],"service":"rbac","timestamp":"2025-05-31T11:27:04.032Z"}
{"level":"warn","message":"No authorization header provided","path":"/test","service":"auth-middleware","timestamp":"2025-05-31T11:27:04.028Z"}
{"level":"warn","message":"Empty authorization header provided","path":"/test","service":"auth-middleware","timestamp":"2025-05-31T11:27:04.029Z"}
{"error":"invalid signature","level":"warn","message":"Invalid JWT token","path":"/test","service":"auth-middleware","timestamp":"2025-05-31T11:27:04.032Z"}
{"level":"warn","message":"JWT token expired","path":"/test","service":"auth-middleware","timestamp":"2025-05-31T11:27:04.035Z"}
{"error":"invalid token","level":"warn","message":"Invalid JWT token","path":"/test","service":"auth-middleware","timestamp":"2025-05-31T11:27:04.036Z"}
{"error":"Cannot read properties of null (reading 'exp')","level":"error","message":"Failed to refresh token","service":"auth-middleware","timestamp":"2025-05-31T11:27:04.038Z"}
{"error":"jwt malformed","level":"warn","message":"Invalid service token","service":"service-auth","timestamp":"2025-05-31T11:27:04.028Z"}
{"error":"invalid signature","level":"warn","message":"Invalid service token","service":"service-auth","timestamp":"2025-05-31T11:27:04.031Z"}
{"error":"jwt expired","level":"warn","message":"Invalid service token","service":"service-auth","timestamp":"2025-05-31T11:27:04.032Z"}
{"level":"warn","message":"No service auth header provided","path":"/test","service":"service-auth","timestamp":"2025-05-31T11:27:04.036Z"}
{"level":"warn","message":"No service auth header provided","path":"/test","service":"service-auth","timestamp":"2025-05-31T11:27:04.037Z"}
{"error":"jwt malformed","level":"warn","message":"Invalid service token","service":"service-auth","timestamp":"2025-05-31T11:27:04.037Z"}
{"level":"warn","message":"Service lacks required scope","path":"/test","requiredScope":"billing:read","service":"service-auth","serviceName":"users","serviceScope":["user:read","user:write","analytics:write"],"timestamp":"2025-05-31T11:27:04.038Z"}
{"level":"warn","message":"No service found in request for scope check","requiredScope":"user:read","service":"service-auth","timestamp":"2025-05-31T11:27:04.038Z"}
{"level":"warn","message":"Service lacks any of the required scopes","path":"/test","requiredScopes":["billing:read","integration:webhook"],"service":"service-auth","serviceName":"notifications","serviceScope":["notification:read","user:read","stream:publish"],"timestamp":"2025-05-31T11:27:04.038Z"}
{"level":"warn","message":"No service found in request for scope check","requiredScopes":["user:read"],"service":"service-auth","timestamp":"2025-05-31T11:27:04.039Z"}
